<?xml version="1.0" encoding="UTF-8" standalone="yes"?>
<ns2:test-suite start="1480712448803" stop="1480712448943"
	xmlns:ns2="urn:model.allure.qatools.yandex.ru">
	<name>Default suite : Default test</name>
	<title>Default suite : Default test</title>
	<test-cases>
		<test-case start="1480712448901" stop="1480712448904"
			status="broken">
			<name>setUp</name>
			<description>@BeforeMethod</description>
			<failure>
				<message>IllegalStateException: The path to the driver executable
					must be set by the webdriver.gecko.driver system property; for more
					information, see https://github.com/mozilla/geckodriver. The latest
					version can be downloaded from
					https://github.com/mozilla/geckodriver/releases</message>
				<stack-trace>java.lang.IllegalStateException: The path to the driver
					executable must be set by the webdriver.gecko.driver system
					property; for more information, see
					https://github.com/mozilla/geckodriver. The latest version can be
					downloaded from https://github.com/mozilla/geckodriver/releases
					at
					com.google.common.base.Preconditions.checkState(Preconditions.java:199)
					at
					org.openqa.selenium.remote.service.DriverService.findExecutable(DriverService.java:109)
					at
					org.openqa.selenium.firefox.GeckoDriverService.access$000(GeckoDriverService.java:37)
					at
					org.openqa.selenium.firefox.GeckoDriverService$Builder.findDefaultExecutable(GeckoDriverService.java:95)
					at
					org.openqa.selenium.remote.service.DriverService$Builder.build(DriverService.java:296)
					at
					org.openqa.selenium.firefox.FirefoxDriver.createCommandExecutor(FirefoxDriver.java:277)
					at
					org.openqa.selenium.firefox.FirefoxDriver.&lt;init&gt;(FirefoxDriver.java:247)
					at
					org.openqa.selenium.firefox.FirefoxDriver.&lt;init&gt;(FirefoxDriver.java:242)
					at
					org.openqa.selenium.firefox.FirefoxDriver.&lt;init&gt;(FirefoxDriver.java:238)
					at
					org.openqa.selenium.firefox.FirefoxDriver.&lt;init&gt;(FirefoxDriver.java:127)
					at Gustavo.homepage.setUp(homepage.java:28)
					at sun.reflect.NativeMethodAccessorImpl.invoke0(Native Method)
					at sun.reflect.NativeMethodAccessorImpl.invoke(Unknown Source)
					at sun.reflect.DelegatingMethodAccessorImpl.invoke(Unknown Source)
					at java.lang.reflect.Method.invoke(Unknown Source)
					at
					org.testng.internal.MethodInvocationHelper.invokeMethod(MethodInvocationHelper.java:85)
					at
					org.testng.internal.Invoker.invokeConfigurationMethod(Invoker.java:517)
					at
					org.testng.internal.Invoker.invokeConfigurations(Invoker.java:213)
					at org.testng.internal.Invoker.invokeMethod(Invoker.java:601)
					at org.testng.internal.Invoker.invokeTestMethod(Invoker.java:845)
					at org.testng.internal.Invoker.invokeTestMethods(Invoker.java:1153)
					at
					org.testng.internal.TestMethodWorker.invokeTestMethods(TestMethodWorker.java:125)
					at
					org.testng.internal.TestMethodWorker.run(TestMethodWorker.java:108)
					at org.testng.TestRunner.privateRun(TestRunner.java:771)
					at org.testng.TestRunner.run(TestRunner.java:621)
					at org.testng.SuiteRunner.runTest(SuiteRunner.java:357)
					at org.testng.SuiteRunner.runSequentially(SuiteRunner.java:352)
					at org.testng.SuiteRunner.privateRun(SuiteRunner.java:310)
					at org.testng.SuiteRunner.run(SuiteRunner.java:259)
					at org.testng.SuiteRunnerWorker.runSuite(SuiteRunnerWorker.java:52)
					at org.testng.SuiteRunnerWorker.run(SuiteRunnerWorker.java:86)
					at org.testng.TestNG.runSuitesSequentially(TestNG.java:1199)
					at org.testng.TestNG.runSuitesLocally(TestNG.java:1124)
					at org.testng.TestNG.run(TestNG.java:1032)
					at
					org.testng.remote.AbstractRemoteTestNG.run(AbstractRemoteTestNG.java:132)
					at org.testng.remote.RemoteTestNG.initAndRun(RemoteTestNG.java:236)
					at org.testng.remote.RemoteTestNG.main(RemoteTestNG.java:81)
				</stack-trace>
			</failure>
			<steps />
			<attachments />
			<labels>
				<label name="host" value="Hen-Windows" />
				<label name="thread" value="7984@Hen-Windows.main(1)" />
			</labels>
		</test-case>
		<test-case start="1480712448908" stop="1480712448917"
			status="canceled">
			<name>testCreateLead</name>
			<failure>
				<message>: Skipped due to dependency on other skipped or failed test
					methods</message>
				<stack-trace>ru.yandex.qatools.allure.testng.AllureTestListener$1:
					Skipped due to dependency on other skipped or failed test methods
					at
					ru.yandex.qatools.allure.testng.AllureTestListener.fireTestCaseCancel(AllureTestListener.java:354)
					at
					ru.yandex.qatools.allure.testng.AllureTestListener.onTestSkipped(AllureTestListener.java:171)
					at org.testng.internal.Invoker.runTestListeners(Invoker.java:1789)
					at org.testng.internal.Invoker.runTestListeners(Invoker.java:1781)
					at org.testng.internal.Invoker.invokeMethod(Invoker.java:721)
					at org.testng.internal.Invoker.invokeTestMethod(Invoker.java:845)
					at org.testng.internal.Invoker.invokeTestMethods(Invoker.java:1153)
					at
					org.testng.internal.TestMethodWorker.invokeTestMethods(TestMethodWorker.java:125)
					at
					org.testng.internal.TestMethodWorker.run(TestMethodWorker.java:108)
					at org.testng.TestRunner.privateRun(TestRunner.java:771)
					at org.testng.TestRunner.run(TestRunner.java:621)
					at org.testng.SuiteRunner.runTest(SuiteRunner.java:357)
					at org.testng.SuiteRunner.runSequentially(SuiteRunner.java:352)
					at org.testng.SuiteRunner.privateRun(SuiteRunner.java:310)
					at org.testng.SuiteRunner.run(SuiteRunner.java:259)
					at org.testng.SuiteRunnerWorker.runSuite(SuiteRunnerWorker.java:52)
					at org.testng.SuiteRunnerWorker.run(SuiteRunnerWorker.java:86)
					at org.testng.TestNG.runSuitesSequentially(TestNG.java:1199)
					at org.testng.TestNG.runSuitesLocally(TestNG.java:1124)
					at org.testng.TestNG.run(TestNG.java:1032)
					at
					org.testng.remote.AbstractRemoteTestNG.run(AbstractRemoteTestNG.java:132)
					at org.testng.remote.RemoteTestNG.initAndRun(RemoteTestNG.java:236)
					at org.testng.remote.RemoteTestNG.main(RemoteTestNG.java:81)
				</stack-trace>
			</failure>
			<steps />
			<attachments />
			<labels>
				<label name="host" value="Hen-Windows" />
				<label name="thread" value="7984@Hen-Windows.main(1)" />
			</labels>
		</test-case>
		<test-case start="1480712448920" stop="1480712448920"
			status="canceled">
			<name>tearDown</name>
			<description>@AfterMethod</description>
			<failure>
				<message>: Skipped due to dependency on other skipped or failed test
					methods</message>
				<stack-trace>ru.yandex.qatools.allure.testng.AllureTestListener$1:
					Skipped due to dependency on other skipped or failed test methods
					at
					ru.yandex.qatools.allure.testng.AllureTestListener.fireTestCaseCancel(AllureTestListener.java:354)
					at
					ru.yandex.qatools.allure.testng.AllureTestListener.onConfigurationSkip(AllureTestListener.java:116)
					at
					org.testng.internal.Invoker.runConfigurationListeners(Invoker.java:1767)
					at
					org.testng.internal.Invoker.handleConfigurationSkip(Invoker.java:261)
					at
					org.testng.internal.Invoker.invokeConfigurations(Invoker.java:193)
					at org.testng.internal.Invoker.invokeMethod(Invoker.java:732)
					at org.testng.internal.Invoker.invokeTestMethod(Invoker.java:845)
					at org.testng.internal.Invoker.invokeTestMethods(Invoker.java:1153)
					at
					org.testng.internal.TestMethodWorker.invokeTestMethods(TestMethodWorker.java:125)
					at
					org.testng.internal.TestMethodWorker.run(TestMethodWorker.java:108)
					at org.testng.TestRunner.privateRun(TestRunner.java:771)
					at org.testng.TestRunner.run(TestRunner.java:621)
					at org.testng.SuiteRunner.runTest(SuiteRunner.java:357)
					at org.testng.SuiteRunner.runSequentially(SuiteRunner.java:352)
					at org.testng.SuiteRunner.privateRun(SuiteRunner.java:310)
					at org.testng.SuiteRunner.run(SuiteRunner.java:259)
					at org.testng.SuiteRunnerWorker.runSuite(SuiteRunnerWorker.java:52)
					at org.testng.SuiteRunnerWorker.run(SuiteRunnerWorker.java:86)
					at org.testng.TestNG.runSuitesSequentially(TestNG.java:1199)
					at org.testng.TestNG.runSuitesLocally(TestNG.java:1124)
					at org.testng.TestNG.run(TestNG.java:1032)
					at
					org.testng.remote.AbstractRemoteTestNG.run(AbstractRemoteTestNG.java:132)
					at org.testng.remote.RemoteTestNG.initAndRun(RemoteTestNG.java:236)
					at org.testng.remote.RemoteTestNG.main(RemoteTestNG.java:81)
				</stack-trace>
			</failure>
			<steps />
			<attachments />
			<labels>
				<label name="host" value="Hen-Windows" />
				<label name="thread" value="7984@Hen-Windows.main(1)" />
			</labels>
		</test-case>
	</test-cases>
	<labels>
		<label name="framework" value="TestNG" />
		<label name="language" value="JAVA" />
	</labels>
</ns2:test-suite>
