<?xml version="1.0" encoding="UTF-8" standalone="yes"?>
<ns2:test-suite start="1481552037737" stop="1481552071216"
	xmlns:ns2="urn:model.allure.qatools.yandex.ru">
	<name>Default suite : Default test</name>
	<title>Default suite : Default test</title>
	<test-cases>
		<test-case start="1481552063530" stop="1481552070821"
			status="broken">
			<name>TestMyDesirePriceAndSendMeAnEmailWhenDone</name>
			<failure>
				<message>NullPointerException: null</message>
				<stack-trace>java.lang.NullPointerException
					at java.io.Reader.&lt;init&gt;(Unknown Source)
					at java.io.InputStreamReader.&lt;init&gt;(Unknown Source)
					at org.apache.commons.io.IOUtils.copy(IOUtils.java:2272)
					at org.apache.commons.io.IOUtils.copy(IOUtils.java:2300)
					at vitaCost.InputOutputFiles.readFromFile(InputOutputFiles.java:28)
					at vitaCost.SendEmail.getMessageFromFile(SendEmail.java:30)
					at vitaCost.SendEmail.mainsend(SendEmail.java:85)
					at
					vitaCost.TestAmmount.TestMyDesirePriceAndSendMeAnEmailWhenDone(TestAmmount.java:35)
					at sun.reflect.NativeMethodAccessorImpl.invoke0(Native Method)
					at sun.reflect.NativeMethodAccessorImpl.invoke(Unknown Source)
					at sun.reflect.DelegatingMethodAccessorImpl.invoke(Unknown Source)
					at java.lang.reflect.Method.invoke(Unknown Source)
					at
					org.testng.internal.MethodInvocationHelper.invokeMethod(MethodInvocationHelper.java:85)
					at org.testng.internal.Invoker.invokeMethod(Invoker.java:659)
					at org.testng.internal.Invoker.invokeTestMethod(Invoker.java:845)
					at org.testng.internal.Invoker.invokeTestMethods(Invoker.java:1153)
					at
					org.testng.internal.TestMethodWorker.invokeTestMethods(TestMethodWorker.java:125)
					at
					org.testng.internal.TestMethodWorker.run(TestMethodWorker.java:108)
					at org.testng.TestRunner.privateRun(TestRunner.java:771)
					at org.testng.TestRunner.run(TestRunner.java:621)
					at org.testng.SuiteRunner.runTest(SuiteRunner.java:357)
					at org.testng.SuiteRunner.runSequentially(SuiteRunner.java:352)
					at org.testng.SuiteRunner.privateRun(SuiteRunner.java:310)
					at org.testng.SuiteRunner.run(SuiteRunner.java:259)
					at org.testng.SuiteRunnerWorker.runSuite(SuiteRunnerWorker.java:52)
					at org.testng.SuiteRunnerWorker.run(SuiteRunnerWorker.java:86)
					at org.testng.TestNG.runSuitesSequentially(TestNG.java:1199)
					at org.testng.TestNG.runSuitesLocally(TestNG.java:1124)
					at org.testng.TestNG.run(TestNG.java:1032)
					at
					org.testng.remote.AbstractRemoteTestNG.run(AbstractRemoteTestNG.java:132)
					at org.testng.remote.RemoteTestNG.initAndRun(RemoteTestNG.java:236)
					at org.testng.remote.RemoteTestNG.main(RemoteTestNG.java:81)
				</stack-trace>
			</failure>
			<steps />
			<attachments />
			<labels>
				<label name="host" value="Hen-Windows" />
				<label name="thread" value="106396@Hen-Windows.main(1)" />
			</labels>
		</test-case>
	</test-cases>
	<labels>
		<label name="framework" value="TestNG" />
		<label name="language" value="JAVA" />
	</labels>
</ns2:test-suite>
