<?xml version="1.0" encoding="UTF-8" standalone="yes"?>
<ns2:test-suite start="1480939188996" stop="1480939216363"
	xmlns:ns2="urn:model.allure.qatools.yandex.ru">
	<name>Default suite : Default test</name>
	<title>Default suite : Default test</title>
	<test-cases>
		<test-case start="1480939200832" stop="1480939216048"
			status="broken">
			<name>fullCahrge[חן פייביש,0542689621,2815,100,14:00]</name>
			<failure>
				<message>NoSuchElementException: Unable to locate element:
					.ui\-state\-valid
					For documentation on this error, please visit:
					http://seleniumhq.org/exceptions/no_such_element.html
					Build info: version: 'unknown', revision: '1969d75', time: '2016-10-18
					09:43:45 -0700'
					System info: host: 'Hen-Windows', ip: '192.168.1.12', os.name: 'Windows
					8.1', os.arch: 'amd64', os.version: '6.3', java.version: '1.8.0_31'
					Driver info: org.openqa.selenium.firefox.FirefoxDriver
					Capabilities [{rotatable=false, raisesAccessibilityExceptions=false,
					marionette=true, firefoxOptions={args=[], prefs={}},
					appBuildId=20160623154057, version=, platform=XP, proxy={},
					command_id=1, specificationLevel=0, acceptSslCerts=false,
					browserVersion=47.0.1, platformVersion=6.3,
					XULappId={ec8030f7-c20a-464f-9b0e-13a3a9e97384},
					browserName=Firefox, takesScreenshot=true,
					takesElementScreenshot=true, platformName=Windows_NT,
					device=desktop}]
					Session ID: 236e8cf9-f64c-4de8-93c0-4278bc515158
					*** Element info: {Using=class name, value=ui-state-valid}</message>
				<stack-trace>org.openqa.selenium.NoSuchElementException: Unable to
					locate element: .ui\-state\-valid
					For documentation on this error, please visit:
					http://seleniumhq.org/exceptions/no_such_element.html
					Build info: version: 'unknown', revision: '1969d75', time: '2016-10-18
					09:43:45 -0700'
					System info: host: 'Hen-Windows', ip: '192.168.1.12', os.name: 'Windows
					8.1', os.arch: 'amd64', os.version: '6.3', java.version: '1.8.0_31'
					Driver info: org.openqa.selenium.firefox.FirefoxDriver
					Capabilities [{rotatable=false, raisesAccessibilityExceptions=false,
					marionette=true, firefoxOptions={args=[], prefs={}},
					appBuildId=20160623154057, version=, platform=XP, proxy={},
					command_id=1, specificationLevel=0, acceptSslCerts=false,
					browserVersion=47.0.1, platformVersion=6.3,
					XULappId={ec8030f7-c20a-464f-9b0e-13a3a9e97384},
					browserName=Firefox, takesScreenshot=true,
					takesElementScreenshot=true, platformName=Windows_NT,
					device=desktop}]
					Session ID: 236e8cf9-f64c-4de8-93c0-4278bc515158
					*** Element info: {Using=class name, value=ui-state-valid}
					at sun.reflect.NativeConstructorAccessorImpl.newInstance0(Native
					Method)
					at sun.reflect.NativeConstructorAccessorImpl.newInstance(Unknown
					Source)
					at sun.reflect.DelegatingConstructorAccessorImpl.newInstance(Unknown
					Source)
					at java.lang.reflect.Constructor.newInstance(Unknown Source)
					at
					org.openqa.selenium.remote.http.W3CHttpResponseCodec.createException(W3CHttpResponseCodec.java:127)
					at
					org.openqa.selenium.remote.http.W3CHttpResponseCodec.decode(W3CHttpResponseCodec.java:93)
					at
					org.openqa.selenium.remote.http.W3CHttpResponseCodec.decode(W3CHttpResponseCodec.java:42)
					at
					org.openqa.selenium.remote.HttpCommandExecutor.execute(HttpCommandExecutor.java:163)
					at
					org.openqa.selenium.remote.service.DriverCommandExecutor.execute(DriverCommandExecutor.java:82)
					at
					org.openqa.selenium.remote.RemoteWebDriver.execute(RemoteWebDriver.java:601)
					at
					org.openqa.selenium.remote.RemoteWebDriver.findElement(RemoteWebDriver.java:368)
					at
					org.openqa.selenium.remote.RemoteWebDriver.findElementByClassName(RemoteWebDriver.java:457)
					at org.openqa.selenium.By$ByClassName.findElement(By.java:391)
					at
					org.openqa.selenium.remote.RemoteWebDriver.findElement(RemoteWebDriver.java:360)
					at tevaCastel.startCharge.fullCahrge(startCharge.java:30)
					at sun.reflect.NativeMethodAccessorImpl.invoke0(Native Method)
					at sun.reflect.NativeMethodAccessorImpl.invoke(Unknown Source)
					at sun.reflect.DelegatingMethodAccessorImpl.invoke(Unknown Source)
					at java.lang.reflect.Method.invoke(Unknown Source)
					at
					org.testng.internal.MethodInvocationHelper.invokeMethod(MethodInvocationHelper.java:85)
					at org.testng.internal.Invoker.invokeMethod(Invoker.java:659)
					at org.testng.internal.Invoker.invokeTestMethod(Invoker.java:845)
					at org.testng.internal.Invoker.invokeTestMethods(Invoker.java:1153)
					at
					org.testng.internal.TestMethodWorker.invokeTestMethods(TestMethodWorker.java:125)
					at
					org.testng.internal.TestMethodWorker.run(TestMethodWorker.java:108)
					at org.testng.TestRunner.privateRun(TestRunner.java:771)
					at org.testng.TestRunner.run(TestRunner.java:621)
					at org.testng.SuiteRunner.runTest(SuiteRunner.java:357)
					at org.testng.SuiteRunner.runSequentially(SuiteRunner.java:352)
					at org.testng.SuiteRunner.privateRun(SuiteRunner.java:310)
					at org.testng.SuiteRunner.run(SuiteRunner.java:259)
					at org.testng.SuiteRunnerWorker.runSuite(SuiteRunnerWorker.java:52)
					at org.testng.SuiteRunnerWorker.run(SuiteRunnerWorker.java:86)
					at org.testng.TestNG.runSuitesSequentially(TestNG.java:1199)
					at org.testng.TestNG.runSuitesLocally(TestNG.java:1124)
					at org.testng.TestNG.run(TestNG.java:1032)
					at
					org.testng.remote.AbstractRemoteTestNG.run(AbstractRemoteTestNG.java:132)
					at org.testng.remote.RemoteTestNG.initAndRun(RemoteTestNG.java:236)
					at org.testng.remote.RemoteTestNG.main(RemoteTestNG.java:81)
				</stack-trace>
			</failure>
			<steps />
			<attachments />
			<labels>
				<label name="host" value="Hen-Windows" />
				<label name="thread" value="8212@Hen-Windows.main(1)" />
			</labels>
		</test-case>
	</test-cases>
	<labels>
		<label name="framework" value="TestNG" />
		<label name="language" value="JAVA" />
	</labels>
</ns2:test-suite>
