<?xml version="1.0" encoding="UTF-8" standalone="yes"?>
<ns2:test-suite start="1480712964436" stop="1480712965476"
	xmlns:ns2="urn:model.allure.qatools.yandex.ru">
	<name>Default suite : Default test</name>
	<title>Default suite : Default test</title>
	<test-cases>
		<test-case start="1480712965434" stop="1480712965434"
			status="broken">
			<name>setUp</name>
			<description>@BeforeMethod</description>
			<failure>
				<message>SessionNotCreatedException: Unable to create new remote
					session. desired capabilities = Capabilities [{marionette=true,
					firefoxOptions=org.openqa.selenium.firefox.FirefoxOptions@6973b51b,
					browserName=firefox,
					moz:firefoxOptions=org.openqa.selenium.firefox.FirefoxOptions@6973b51b,
					version=, platform=ANY}], required capabilities = Capabilities [{}]
					Build info: version: 'unknown', revision: '1969d75', time:
					'2016-10-18 09:43:45 -0700'
					System info: host: 'Hen-Windows', ip: '192.168.1.12', os.name: 'Windows
					8.1', os.arch: 'amd64', os.version: '6.3', java.version: '1.8.0_31'
					Driver info: driver.version: FirefoxDriver</message>
				<stack-trace>org.openqa.selenium.SessionNotCreatedException: Unable
					to create new remote session. desired capabilities = Capabilities
					[{marionette=true,
					firefoxOptions=org.openqa.selenium.firefox.FirefoxOptions@6973b51b,
					browserName=firefox,
					moz:firefoxOptions=org.openqa.selenium.firefox.FirefoxOptions@6973b51b,
					version=, platform=ANY}], required capabilities = Capabilities [{}]
					Build info: version: 'unknown', revision: '1969d75', time:
					'2016-10-18 09:43:45 -0700'
					System info: host: 'Hen-Windows', ip: '192.168.1.12', os.name: 'Windows
					8.1', os.arch: 'amd64', os.version: '6.3', java.version: '1.8.0_31'
					Driver info: driver.version: FirefoxDriver
					at
					org.openqa.selenium.remote.ProtocolHandshake.createSession(ProtocolHandshake.java:91)
					at
					org.openqa.selenium.remote.HttpCommandExecutor.execute(HttpCommandExecutor.java:141)
					at
					org.openqa.selenium.remote.service.DriverCommandExecutor.execute(DriverCommandExecutor.java:82)
					at
					org.openqa.selenium.remote.RemoteWebDriver.execute(RemoteWebDriver.java:601)
					at
					org.openqa.selenium.remote.RemoteWebDriver.startSession(RemoteWebDriver.java:241)
					at
					org.openqa.selenium.remote.RemoteWebDriver.&lt;init&gt;(RemoteWebDriver.java:128)
					at
					org.openqa.selenium.firefox.FirefoxDriver.&lt;init&gt;(FirefoxDriver.java:259)
					at
					org.openqa.selenium.firefox.FirefoxDriver.&lt;init&gt;(FirefoxDriver.java:247)
					at
					org.openqa.selenium.firefox.FirefoxDriver.&lt;init&gt;(FirefoxDriver.java:242)
					at
					org.openqa.selenium.firefox.FirefoxDriver.&lt;init&gt;(FirefoxDriver.java:238)
					at
					org.openqa.selenium.firefox.FirefoxDriver.&lt;init&gt;(FirefoxDriver.java:127)
					at Gustavo.homepage.setUp(homepage.java:31)
					at sun.reflect.NativeMethodAccessorImpl.invoke0(Native Method)
					at sun.reflect.NativeMethodAccessorImpl.invoke(Unknown Source)
					at sun.reflect.DelegatingMethodAccessorImpl.invoke(Unknown Source)
					at java.lang.reflect.Method.invoke(Unknown Source)
					at
					org.testng.internal.MethodInvocationHelper.invokeMethod(MethodInvocationHelper.java:85)
					at
					org.testng.internal.Invoker.invokeConfigurationMethod(Invoker.java:517)
					at
					org.testng.internal.Invoker.invokeConfigurations(Invoker.java:213)
					at org.testng.internal.Invoker.invokeMethod(Invoker.java:601)
					at org.testng.internal.Invoker.invokeTestMethod(Invoker.java:845)
					at org.testng.internal.Invoker.invokeTestMethods(Invoker.java:1153)
					at
					org.testng.internal.TestMethodWorker.invokeTestMethods(TestMethodWorker.java:125)
					at
					org.testng.internal.TestMethodWorker.run(TestMethodWorker.java:108)
					at org.testng.TestRunner.privateRun(TestRunner.java:771)
					at org.testng.TestRunner.run(TestRunner.java:621)
					at org.testng.SuiteRunner.runTest(SuiteRunner.java:357)
					at org.testng.SuiteRunner.runSequentially(SuiteRunner.java:352)
					at org.testng.SuiteRunner.privateRun(SuiteRunner.java:310)
					at org.testng.SuiteRunner.run(SuiteRunner.java:259)
					at org.testng.SuiteRunnerWorker.runSuite(SuiteRunnerWorker.java:52)
					at org.testng.SuiteRunnerWorker.run(SuiteRunnerWorker.java:86)
					at org.testng.TestNG.runSuitesSequentially(TestNG.java:1199)
					at org.testng.TestNG.runSuitesLocally(TestNG.java:1124)
					at org.testng.TestNG.run(TestNG.java:1032)
					at
					org.testng.remote.AbstractRemoteTestNG.run(AbstractRemoteTestNG.java:132)
					at org.testng.remote.RemoteTestNG.initAndRun(RemoteTestNG.java:236)
					at org.testng.remote.RemoteTestNG.main(RemoteTestNG.java:81)
				</stack-trace>
			</failure>
			<steps />
			<attachments />
			<labels>
				<label name="host" value="Hen-Windows" />
				<label name="thread" value="5236@Hen-Windows.main(1)" />
			</labels>
		</test-case>
		<test-case start="1480712965434" stop="1480712965450"
			status="canceled">
			<name>testCreateLead</name>
			<failure>
				<message>: Skipped due to dependency on other skipped or failed test
					methods</message>
				<stack-trace>ru.yandex.qatools.allure.testng.AllureTestListener$1:
					Skipped due to dependency on other skipped or failed test methods
					at
					ru.yandex.qatools.allure.testng.AllureTestListener.fireTestCaseCancel(AllureTestListener.java:354)
					at
					ru.yandex.qatools.allure.testng.AllureTestListener.onTestSkipped(AllureTestListener.java:171)
					at org.testng.internal.Invoker.runTestListeners(Invoker.java:1789)
					at org.testng.internal.Invoker.runTestListeners(Invoker.java:1781)
					at org.testng.internal.Invoker.invokeMethod(Invoker.java:721)
					at org.testng.internal.Invoker.invokeTestMethod(Invoker.java:845)
					at org.testng.internal.Invoker.invokeTestMethods(Invoker.java:1153)
					at
					org.testng.internal.TestMethodWorker.invokeTestMethods(TestMethodWorker.java:125)
					at
					org.testng.internal.TestMethodWorker.run(TestMethodWorker.java:108)
					at org.testng.TestRunner.privateRun(TestRunner.java:771)
					at org.testng.TestRunner.run(TestRunner.java:621)
					at org.testng.SuiteRunner.runTest(SuiteRunner.java:357)
					at org.testng.SuiteRunner.runSequentially(SuiteRunner.java:352)
					at org.testng.SuiteRunner.privateRun(SuiteRunner.java:310)
					at org.testng.SuiteRunner.run(SuiteRunner.java:259)
					at org.testng.SuiteRunnerWorker.runSuite(SuiteRunnerWorker.java:52)
					at org.testng.SuiteRunnerWorker.run(SuiteRunnerWorker.java:86)
					at org.testng.TestNG.runSuitesSequentially(TestNG.java:1199)
					at org.testng.TestNG.runSuitesLocally(TestNG.java:1124)
					at org.testng.TestNG.run(TestNG.java:1032)
					at
					org.testng.remote.AbstractRemoteTestNG.run(AbstractRemoteTestNG.java:132)
					at org.testng.remote.RemoteTestNG.initAndRun(RemoteTestNG.java:236)
					at org.testng.remote.RemoteTestNG.main(RemoteTestNG.java:81)
				</stack-trace>
			</failure>
			<steps />
			<attachments />
			<labels>
				<label name="host" value="Hen-Windows" />
				<label name="thread" value="5236@Hen-Windows.main(1)" />
			</labels>
		</test-case>
		<test-case start="1480712965450" stop="1480712965450"
			status="canceled">
			<name>tearDown</name>
			<description>@AfterMethod</description>
			<failure>
				<message>: Skipped due to dependency on other skipped or failed test
					methods</message>
				<stack-trace>ru.yandex.qatools.allure.testng.AllureTestListener$1:
					Skipped due to dependency on other skipped or failed test methods
					at
					ru.yandex.qatools.allure.testng.AllureTestListener.fireTestCaseCancel(AllureTestListener.java:354)
					at
					ru.yandex.qatools.allure.testng.AllureTestListener.onConfigurationSkip(AllureTestListener.java:116)
					at
					org.testng.internal.Invoker.runConfigurationListeners(Invoker.java:1767)
					at
					org.testng.internal.Invoker.handleConfigurationSkip(Invoker.java:261)
					at
					org.testng.internal.Invoker.invokeConfigurations(Invoker.java:193)
					at org.testng.internal.Invoker.invokeMethod(Invoker.java:732)
					at org.testng.internal.Invoker.invokeTestMethod(Invoker.java:845)
					at org.testng.internal.Invoker.invokeTestMethods(Invoker.java:1153)
					at
					org.testng.internal.TestMethodWorker.invokeTestMethods(TestMethodWorker.java:125)
					at
					org.testng.internal.TestMethodWorker.run(TestMethodWorker.java:108)
					at org.testng.TestRunner.privateRun(TestRunner.java:771)
					at org.testng.TestRunner.run(TestRunner.java:621)
					at org.testng.SuiteRunner.runTest(SuiteRunner.java:357)
					at org.testng.SuiteRunner.runSequentially(SuiteRunner.java:352)
					at org.testng.SuiteRunner.privateRun(SuiteRunner.java:310)
					at org.testng.SuiteRunner.run(SuiteRunner.java:259)
					at org.testng.SuiteRunnerWorker.runSuite(SuiteRunnerWorker.java:52)
					at org.testng.SuiteRunnerWorker.run(SuiteRunnerWorker.java:86)
					at org.testng.TestNG.runSuitesSequentially(TestNG.java:1199)
					at org.testng.TestNG.runSuitesLocally(TestNG.java:1124)
					at org.testng.TestNG.run(TestNG.java:1032)
					at
					org.testng.remote.AbstractRemoteTestNG.run(AbstractRemoteTestNG.java:132)
					at org.testng.remote.RemoteTestNG.initAndRun(RemoteTestNG.java:236)
					at org.testng.remote.RemoteTestNG.main(RemoteTestNG.java:81)
				</stack-trace>
			</failure>
			<steps />
			<attachments />
			<labels>
				<label name="host" value="Hen-Windows" />
				<label name="thread" value="5236@Hen-Windows.main(1)" />
			</labels>
		</test-case>
	</test-cases>
	<labels>
		<label name="framework" value="TestNG" />
		<label name="language" value="JAVA" />
	</labels>
</ns2:test-suite>
